<testsuites id="" name="" tests="4" failures="0" skipped="0" errors="0" time="3.876693">
<testsuite name="frontend.spec.ts" timestamp="2026-09-25T09:35:26.641Z" hostname="" tests="4" failures="0" skipped="0" time="2.755" errors="0">
<testcase name="Training wizard advances and returns to a selected step" classname="frontend.spec.ts" time="1.064">
</testcase>
<testcase name="Inference setup loads checkpoint and dataset options" classname="frontend.spec.ts" time="0.467">
</testcase>
<testcase name="Settings save feedback follows the mocked update response" classname="frontend.spec.ts" time="0.59">
</testcase>
<testcase name="1100px is supported and 1099px shows the minimum-width notice" classname="frontend.spec.ts" time="0.634">
</testcase>
</testsuite>
</testsuites>