<testsuites id="" name="" tests="4" failures="0" skipped="0" errors="0" time="2.961697">
<testsuite name="frontend.spec.ts" timestamp="2026-09-25T12:03:39.094Z" hostname="" tests="4" failures="0" skipped="0" time="2.268" errors="0">
<testcase name="Training wizard advances and returns to a selected step" classname="frontend.spec.ts" time="0.876">
</testcase>
<testcase name="Inference setup loads checkpoint and dataset options" classname="frontend.spec.ts" time="0.342">
</testcase>
<testcase name="Settings save feedback follows the mocked update response" classname="frontend.spec.ts" time="0.522">
</testcase>
<testcase name="1100px is supported and 1099px shows the minimum-width notice" classname="frontend.spec.ts" time="0.528">
</testcase>
</testsuite>
</testsuites>